<?xml version="1.0" encoding="UTF-8"?>
<!-- Generated by org.testng.reporters.JUnitReportReporter -->
<testsuite hostname="LAPTOP-GAGT7NNL" failures="0" tests="1" name="com.example.apidemo.definitions.GETDefinitions" time="3.834" errors="0" timestamp="2022-04-04T21:21:19 IST" skipped="0">
  <testcase classname="com.example.apidemo.definitions.GETDefinitions" name="GETMethod" time="3.834"/>
  <system-out/>
</testsuite> <!-- com.example.apidemo.definitions.GETDefinitions -->
