<?xml version="1.0" encoding="UTF-8"?>
<!-- Generated by org.testng.reporters.JUnitReportReporter -->
<testsuite hostname="LAPTOP-GAGT7NNL" failures="0" tests="2" name="com.example.apidemo.definitions.GETandPOSTDefinitions" time="6.751" errors="0" timestamp="2022-04-05T11:04:54 IST" skipped="0">
  <testcase classname="com.example.apidemo.definitions.GETandPOSTDefinitions" name="POSTMethod" time="0.916"/>
  <system-out/>
  <testcase classname="com.example.apidemo.definitions.GETandPOSTDefinitions" name="GETMethod" time="5.835"/>
  <system-out/>
</testsuite> <!-- com.example.apidemo.definitions.GETandPOSTDefinitions -->
