<?xml version="1.0" encoding="UTF-8"?>
<!-- Generated by org.testng.reporters.JUnitReportReporter -->
<testsuite hostname="LAPTOP-GAGT7NNL" failures="0" tests="2" name="com.example.restassured.definitions.GETandPOSTDefinitions" time="4.761" errors="0" timestamp="2022-04-04T22:12:40 IST" skipped="0">
  <testcase classname="com.example.restassured.definitions.GETandPOSTDefinitions" name="POSTMethod" time="1.177"/>
  <system-out/>
  <testcase classname="com.example.restassured.definitions.GETandPOSTDefinitions" name="GETMethod" time="3.584"/>
  <system-out/>
</testsuite> <!-- com.example.restassured.definitions.GETandPOSTDefinitions -->
